This is pdfTeX, Version 3.14159265-2.6-1.40.18 (TeX Live 2017) (preloaded format=pdflatex 2018.3.24)  17 MAY 2018 23:29
entering extended mode
 \write18 enabled.
 file:line:error style messages enabled.
 %&-line parsing enabled.
**diss.tex
(./diss.tex
LaTeX2e <2017-04-15>
Babel <3.10> and hyphenation patterns for 84 language(s) loaded.
(/usr/local/texlive/2017/texmf-dist/tex/latex/base/report.cls
Document Class: report 2014/09/29 v1.4h Standard LaTeX document class
(/usr/local/texlive/2017/texmf-dist/tex/latex/base/size12.clo
File: size12.clo 2014/09/29 v1.4h Standard LaTeX file (size option)
)
\c@part=\count79
\c@chapter=\count80
\c@section=\count81
\c@subsection=\count82
\c@subsubsection=\count83
\c@paragraph=\count84
\c@subparagraph=\count85
\c@figure=\count86
\c@table=\count87
\abovecaptionskip=\skip41
\belowcaptionskip=\skip42
\bibindent=\dimen102
)
(/usr/local/texlive/2017/texmf-dist/tex/latex/hyperref/hyperref.sty
Package: hyperref 2017/03/14 v6.85a Hypertext links for LaTeX

(/usr/local/texlive/2017/texmf-dist/tex/generic/oberdiek/hobsub-hyperref.sty
Package: hobsub-hyperref 2016/05/16 v1.14 Bundle oberdiek, subset hyperref (HO)


(/usr/local/texlive/2017/texmf-dist/tex/generic/oberdiek/hobsub-generic.sty
Package: hobsub-generic 2016/05/16 v1.14 Bundle oberdiek, subset generic (HO)
Package: hobsub 2016/05/16 v1.14 Construct package bundles (HO)
Package: infwarerr 2016/05/16 v1.4 Providing info/warning/error messages (HO)
Package: ltxcmds 2016/05/16 v1.23 LaTeX kernel commands for general use (HO)
Package: ifluatex 2016/05/16 v1.4 Provides the ifluatex switch (HO)
Package ifluatex Info: LuaTeX not detected.
Package: ifvtex 2016/05/16 v1.6 Detect VTeX and its facilities (HO)
Package ifvtex Info: VTeX not detected.
Package: intcalc 2016/05/16 v1.2 Expandable calculations with integers (HO)
Package: ifpdf 2017/03/15 v3.2 Provides the ifpdf switch
Package: etexcmds 2016/05/16 v1.6 Avoid name clashes with e-TeX commands (HO)
Package etexcmds Info: Could not find \expanded.
(etexcmds)             That can mean that you are not using pdfTeX 1.50 or
(etexcmds)             that some package has redefined \expanded.
(etexcmds)             In the latter case, load this package earlier.
Package: kvsetkeys 2016/05/16 v1.17 Key value parser (HO)
Package: kvdefinekeys 2016/05/16 v1.4 Define keys (HO)
Package: pdftexcmds 2017/03/19 v0.25 Utility functions of pdfTeX for LuaTeX (HO
)
Package pdftexcmds Info: LuaTeX not detected.
Package pdftexcmds Info: \pdf@primitive is available.
Package pdftexcmds Info: \pdf@ifprimitive is available.
Package pdftexcmds Info: \pdfdraftmode found.
Package: pdfescape 2016/05/16 v1.14 Implements pdfTeX's escape features (HO)
Package: bigintcalc 2016/05/16 v1.4 Expandable calculations on big integers (HO
)
Package: bitset 2016/05/16 v1.2 Handle bit-vector datatype (HO)
Package: uniquecounter 2016/05/16 v1.3 Provide unlimited unique counter (HO)
)
Package hobsub Info: Skipping package `hobsub' (already loaded).
Package: letltxmacro 2016/05/16 v1.5 Let assignment for LaTeX macros (HO)
Package: hopatch 2016/05/16 v1.3 Wrapper for package hooks (HO)
Package: xcolor-patch 2016/05/16 xcolor patch
Package: atveryend 2016/05/16 v1.9 Hooks at the very end of document (HO)
Package atveryend Info: \enddocument detected (standard20110627).
Package: atbegshi 2016/06/09 v1.18 At begin shipout hook (HO)
Package: refcount 2016/05/16 v3.5 Data extraction from label references (HO)
Package: hycolor 2016/05/16 v1.8 Color options for hyperref/bookmark (HO)
)
(/usr/local/texlive/2017/texmf-dist/tex/latex/graphics/keyval.sty
Package: keyval 2014/10/28 v1.15 key=value parser (DPC)
\KV@toks@=\toks14
)
(/usr/local/texlive/2017/texmf-dist/tex/generic/ifxetex/ifxetex.sty
Package: ifxetex 2010/09/12 v0.6 Provides ifxetex conditional
)
(/usr/local/texlive/2017/texmf-dist/tex/latex/oberdiek/auxhook.sty
Package: auxhook 2016/05/16 v1.4 Hooks for auxiliary files (HO)
)
(/usr/local/texlive/2017/texmf-dist/tex/latex/oberdiek/kvoptions.sty
Package: kvoptions 2016/05/16 v3.12 Key value format for package options (HO)
)
\@linkdim=\dimen103
\Hy@linkcounter=\count88
\Hy@pagecounter=\count89

(/usr/local/texlive/2017/texmf-dist/tex/latex/hyperref/pd1enc.def
File: pd1enc.def 2017/03/14 v6.85a Hyperref: PDFDocEncoding definition (HO)
)
\Hy@SavedSpaceFactor=\count90

(/usr/local/texlive/2017/texmf-dist/tex/latex/latexconfig/hyperref.cfg
File: hyperref.cfg 2002/06/06 v1.2 hyperref configuration of TeXLive
)
Package hyperref Info: Hyper figures OFF on input line 4498.
Package hyperref Info: Link nesting OFF on input line 4503.
Package hyperref Info: Hyper index ON on input line 4506.
Package hyperref Info: Plain pages OFF on input line 4513.
Package hyperref Info: Backreferencing OFF on input line 4518.
Package hyperref Info: Implicit mode ON; LaTeX internals redefined.
Package hyperref Info: Bookmarks ON on input line 4751.
\c@Hy@tempcnt=\count91

(/usr/local/texlive/2017/texmf-dist/tex/latex/url/url.sty
\Urlmuskip=\muskip10
Package: url 2013/09/16  ver 3.4  Verb mode for urls, etc.
)
LaTeX Info: Redefining \url on input line 5104.
\XeTeXLinkMargin=\dimen104
\Fld@menulength=\count92
\Field@Width=\dimen105
\Fld@charsize=\dimen106
Package hyperref Info: Hyper figures OFF on input line 6358.
Package hyperref Info: Link nesting OFF on input line 6363.
Package hyperref Info: Hyper index ON on input line 6366.
Package hyperref Info: backreferencing OFF on input line 6373.
Package hyperref Info: Link coloring OFF on input line 6378.
Package hyperref Info: Link coloring with OCG OFF on input line 6383.
Package hyperref Info: PDF/A mode OFF on input line 6388.
LaTeX Info: Redefining \ref on input line 6428.
LaTeX Info: Redefining \pageref on input line 6432.
\Hy@abspage=\count93
\c@Item=\count94
\c@Hfootnote=\count95
)

Package hyperref Message: Driver (autodetected): hpdftex.

(/usr/local/texlive/2017/texmf-dist/tex/latex/hyperref/hpdftex.def
File: hpdftex.def 2017/03/14 v6.85a Hyperref driver for pdfTeX
\Fld@listcount=\count96
\c@bookmark@seq@number=\count97

(/usr/local/texlive/2017/texmf-dist/tex/latex/oberdiek/rerunfilecheck.sty
Package: rerunfilecheck 2016/05/16 v1.8 Rerun checks for auxiliary files (HO)
Package uniquecounter Info: New unique counter `rerunfilecheck' on input line 2
82.
)
\Hy@SectionHShift=\skip43
)
(/usr/local/texlive/2017/texmf-dist/tex/latex/geometry/geometry.sty
Package: geometry 2010/09/12 v5.6 Page Geometry
\Gm@cnth=\count98
\Gm@cntv=\count99
\c@Gm@tempcnt=\count100
\Gm@bindingoffset=\dimen107
\Gm@wd@mp=\dimen108
\Gm@odd@mp=\dimen109
\Gm@even@mp=\dimen110
\Gm@layoutwidth=\dimen111
\Gm@layoutheight=\dimen112
\Gm@layouthoffset=\dimen113
\Gm@layoutvoffset=\dimen114
\Gm@dimlist=\toks15
)
(/usr/local/texlive/2017/texmf-dist/tex/latex/graphics/graphicx.sty
Package: graphicx 2014/10/28 v1.0g Enhanced LaTeX Graphics (DPC,SPQR)

(/usr/local/texlive/2017/texmf-dist/tex/latex/graphics/graphics.sty
Package: graphics 2017/04/14 v1.1b Standard LaTeX Graphics (DPC,SPQR)

(/usr/local/texlive/2017/texmf-dist/tex/latex/graphics/trig.sty
Package: trig 2016/01/03 v1.10 sin cos tan (DPC)
)
(/usr/local/texlive/2017/texmf-dist/tex/latex/graphics-cfg/graphics.cfg
File: graphics.cfg 2016/06/04 v1.11 sample graphics configuration
)
Package graphics Info: Driver file: pdftex.def on input line 99.

(/usr/local/texlive/2017/texmf-dist/tex/latex/graphics-def/pdftex.def
File: pdftex.def 2017/01/12 v0.06k Graphics/color for pdfTeX
\Gread@gobject=\count101
))
\Gin@req@height=\dimen115
\Gin@req@width=\dimen116
)
(/usr/local/texlive/2017/texmf-dist/tex/latex/tools/verbatim.sty
Package: verbatim 2014/10/28 v1.5q LaTeX2e package for verbatim enhancements
\every@verbatim=\toks16
\verbatim@line=\toks17
\verbatim@in@stream=\read1
)
(./docmute.sty
Package: docmute 2012/03/22 v1.4 Input stand-alone documents
)
(/usr/local/texlive/2017/texmf-dist/tex/latex/listings/listings.sty
\lst@mode=\count102
\lst@gtempboxa=\box26
\lst@token=\toks18
\lst@length=\count103
\lst@currlwidth=\dimen117
\lst@column=\count104
\lst@pos=\count105
\lst@lostspace=\dimen118
\lst@width=\dimen119
\lst@newlines=\count106
\lst@lineno=\count107
\lst@maxwidth=\dimen120

(/usr/local/texlive/2017/texmf-dist/tex/latex/listings/lstmisc.sty
File: lstmisc.sty 2015/06/04 1.6 (Carsten Heinz)
\c@lstnumber=\count108
\lst@skipnumbers=\count109
\lst@framebox=\box27
)
(/usr/local/texlive/2017/texmf-dist/tex/latex/listings/listings.cfg
File: listings.cfg 2015/06/04 1.6 listings configuration
))
Package: listings 2015/06/04 1.6 (Carsten Heinz)

(/usr/local/texlive/2017/texmf-dist/tex/latex/xcolor/xcolor.sty
Package: xcolor 2016/05/11 v2.12 LaTeX color extensions (UK)

(/usr/local/texlive/2017/texmf-dist/tex/latex/graphics-cfg/color.cfg
File: color.cfg 2016/01/02 v1.6 sample color configuration
)
Package xcolor Info: Driver file: pdftex.def on input line 225.
Package xcolor Info: Model `cmy' substituted by `cmy0' on input line 1348.
Package xcolor Info: Model `hsb' substituted by `rgb' on input line 1352.
Package xcolor Info: Model `RGB' extended on input line 1364.
Package xcolor Info: Model `HTML' substituted by `rgb' on input line 1366.
Package xcolor Info: Model `Hsb' substituted by `hsb' on input line 1367.
Package xcolor Info: Model `tHsb' substituted by `hsb' on input line 1368.
Package xcolor Info: Model `HSB' substituted by `hsb' on input line 1369.
Package xcolor Info: Model `Gray' substituted by `gray' on input line 1370.
Package xcolor Info: Model `wave' substituted by `hsb' on input line 1371.
)
(/usr/local/texlive/2017/texmf-dist/tex/latex/caption/subcaption.sty
Package: subcaption 2016/05/22 v1.1-161 Sub-captions (AR)

(/usr/local/texlive/2017/texmf-dist/tex/latex/caption/caption.sty
Package: caption 2016/02/21 v3.3-144 Customizing captions (AR)

(/usr/local/texlive/2017/texmf-dist/tex/latex/caption/caption3.sty
Package: caption3 2016/05/22 v1.7-166 caption3 kernel (AR)
Package caption3 Info: TeX engine: e-TeX on input line 67.
\captionmargin=\dimen121
\captionmargin@=\dimen122
\captionwidth=\dimen123
\caption@tempdima=\dimen124
\caption@indent=\dimen125
\caption@parindent=\dimen126
\caption@hangindent=\dimen127
)
\c@ContinuedFloat=\count110
Package caption Info: hyperref package is loaded.
Package caption Info: listings package is loaded.
)
\c@subfigure=\count111
\c@subtable=\count112
)
(/usr/local/texlive/2017/texmf-dist/tex/latex/graphviz/graphviz.sty
Package: graphviz 2013/08/15 v0.94 .dtx graphviz file
)
(/usr/local/texlive/2017/texmf-dist/tex/latex/amsmath/amsmath.sty
Package: amsmath 2016/11/05 v2.16a AMS math features
\@mathmargin=\skip44

For additional information on amsmath, use the `?' option.
(/usr/local/texlive/2017/texmf-dist/tex/latex/amsmath/amstext.sty
Package: amstext 2000/06/29 v2.01 AMS text

(/usr/local/texlive/2017/texmf-dist/tex/latex/amsmath/amsgen.sty
File: amsgen.sty 1999/11/30 v2.0 generic functions
\@emptytoks=\toks19
\ex@=\dimen128
))
(/usr/local/texlive/2017/texmf-dist/tex/latex/amsmath/amsbsy.sty
Package: amsbsy 1999/11/29 v1.2d Bold Symbols
\pmbraise@=\dimen129
)
(/usr/local/texlive/2017/texmf-dist/tex/latex/amsmath/amsopn.sty
Package: amsopn 2016/03/08 v2.02 operator names
)
\inf@bad=\count113
LaTeX Info: Redefining \frac on input line 213.
\uproot@=\count114
\leftroot@=\count115
LaTeX Info: Redefining \overline on input line 375.
\classnum@=\count116
\DOTSCASE@=\count117
LaTeX Info: Redefining \ldots on input line 472.
LaTeX Info: Redefining \dots on input line 475.
LaTeX Info: Redefining \cdots on input line 596.
\Mathstrutbox@=\box28
\strutbox@=\box29
\big@size=\dimen130
LaTeX Font Info:    Redeclaring font encoding OML on input line 712.
LaTeX Font Info:    Redeclaring font encoding OMS on input line 713.
\macc@depth=\count118
\c@MaxMatrixCols=\count119
\dotsspace@=\muskip11
\c@parentequation=\count120
\dspbrk@lvl=\count121
\tag@help=\toks20
\row@=\count122
\column@=\count123
\maxfields@=\count124
\andhelp@=\toks21
\eqnshift@=\dimen131
\alignsep@=\dimen132
\tagshift@=\dimen133
\tagwidth@=\dimen134
\totwidth@=\dimen135
\lineht@=\dimen136
\@envbody=\toks22
\multlinegap=\skip45
\multlinetaggap=\skip46
\mathdisplay@stack=\toks23
LaTeX Info: Redefining \[ on input line 2817.
LaTeX Info: Redefining \] on input line 2818.
)
(/usr/local/texlive/2017/texmf-dist/tex/latex/numprint/numprint.sty
Package: numprint 2012/08/20 v1.39 Print numbers (HH)

(/usr/local/texlive/2017/texmf-dist/tex/latex/tools/array.sty
Package: array 2016/10/06 v2.4d Tabular extension package (FMi)
\col@sep=\dimen137
\extrarowheight=\dimen138
\NC@list=\toks24
\extratabsurround=\skip47
\backup@length=\skip48
)
\c@nprt@mantissa@digitsbefore=\count125
\c@nprt@mantissa@digitsafter=\count126
\c@nprt@exponent@digitsbefore=\count127
\c@nprt@exponent@digitsafter=\count128
\nprt@digitwidth=\skip49
\nprt@sepwidth=\skip50
\nprt@decimalwidth=\skip51
\nprt@blockwidth=\skip52
\nprt@digittoks=\toks25
\nprt@pretoks=\toks26
\nprt@posttoks=\toks27
\nprt@thisdigit=\count129
\nprt@curpos=\count130
\nprt@rndpos=\count131
\c@nprt@digitsfirstblock=\count132
\c@nprt@blockcnt=\count133
\c@nprt@cntprint=\count134

No configuration file `numprint.cfg' found.) (./diss.aux)
\openout1 = `diss.aux'.

LaTeX Font Info:    Checking defaults for OML/cmm/m/it on input line 52.
LaTeX Font Info:    ... okay on input line 52.
LaTeX Font Info:    Checking defaults for T1/cmr/m/n on input line 52.
LaTeX Font Info:    ... okay on input line 52.
LaTeX Font Info:    Checking defaults for OT1/cmr/m/n on input line 52.
LaTeX Font Info:    ... okay on input line 52.
LaTeX Font Info:    Checking defaults for OMS/cmsy/m/n on input line 52.
LaTeX Font Info:    ... okay on input line 52.
LaTeX Font Info:    Checking defaults for OMX/cmex/m/n on input line 52.
LaTeX Font Info:    ... okay on input line 52.
LaTeX Font Info:    Checking defaults for U/cmr/m/n on input line 52.
LaTeX Font Info:    ... okay on input line 52.
LaTeX Font Info:    Checking defaults for PD1/pdf/m/n on input line 52.
LaTeX Font Info:    ... okay on input line 52.
\AtBeginShipoutBox=\box30
Package hyperref Info: Link coloring OFF on input line 52.

(/usr/local/texlive/2017/texmf-dist/tex/latex/hyperref/nameref.sty
Package: nameref 2016/05/21 v2.44 Cross-referencing by name of section

(/usr/local/texlive/2017/texmf-dist/tex/generic/oberdiek/gettitlestring.sty
Package: gettitlestring 2016/05/16 v1.5 Cleanup title references (HO)
)
\c@section@level=\count135
)
LaTeX Info: Redefining \ref on input line 52.
LaTeX Info: Redefining \pageref on input line 52.
LaTeX Info: Redefining \nameref on input line 52.

(./diss.out) (./diss.out)
\@outlinefile=\write3
\openout3 = `diss.out'.


*geometry* driver: auto-detecting
*geometry* detected driver: pdftex
*geometry* verbose mode - [ preamble ] result:
* driver: pdftex
* paper: a4paper
* layout: <same size as paper>
* layoutoffset:(h,v)=(0.0pt,0.0pt)
* modes: twoside 
* h-part:(L,W,R)=(71.13188pt, 455.24411pt, 71.13188pt)
* v-part:(T,H,B)=(71.13188pt, 702.78308pt, 71.13188pt)
* \paperwidth=597.50787pt
* \paperheight=845.04684pt
* \textwidth=455.24411pt
* \textheight=702.78308pt
* \oddsidemargin=-1.1381pt
* \evensidemargin=-1.1381pt
* \topmargin=-38.1381pt
* \headheight=12.0pt
* \headsep=25.0pt
* \topskip=12.0pt
* \footskip=30.0pt
* \marginparwidth=85.0pt
* \marginparsep=10.0pt
* \columnsep=10.0pt
* \skip\footins=10.8pt plus 4.0pt minus 2.0pt
* \hoffset=0.0pt
* \voffset=0.0pt
* \mag=1000
* \@twocolumnfalse
* \@twosidetrue
* \@mparswitchtrue
* \@reversemarginfalse
* (1in=72.27pt=25.4mm, 1cm=28.453pt)

(/usr/local/texlive/2017/texmf-dist/tex/context/base/mkii/supp-pdf.mkii
[Loading MPS to PDF converter (version 2006.09.02).]
\scratchcounter=\count136
\scratchdimen=\dimen139
\scratchbox=\box31
\nofMPsegments=\count137
\nofMParguments=\count138
\everyMPshowfont=\toks28
\MPscratchCnt=\count139
\MPscratchDim=\dimen140
\MPnumerator=\count140
\makeMPintoPDFobject=\count141
\everyMPtoPDFconversion=\toks29
) (/usr/local/texlive/2017/texmf-dist/tex/latex/oberdiek/epstopdf-base.sty
Package: epstopdf-base 2016/05/15 v2.6 Base part for package epstopdf

(/usr/local/texlive/2017/texmf-dist/tex/latex/oberdiek/grfext.sty
Package: grfext 2016/05/16 v1.2 Manage graphics extensions (HO)
)
Package epstopdf-base Info: Redefining graphics rule for `.eps' on input line 4
38.
Package grfext Info: Graphics extension search list:
(grfext)             [.png,.pdf,.jpg,.mps,.jpeg,.jbig2,.jb2,.PNG,.PDF,.JPG,.JPE
G,.JBIG2,.JB2,.eps]
(grfext)             \AppendGraphicsExtensions on input line 456.

(/usr/local/texlive/2017/texmf-dist/tex/latex/latexconfig/epstopdf-sys.cfg
File: epstopdf-sys.cfg 2010/07/13 v1.3 Configuration of (r)epstopdf for TeX Liv
e
))
\c@lstlisting=\count142
Package caption Info: Begin \AtBeginDocument code.
Package caption Info: End \AtBeginDocument code.
\docmute@nestinglevel=\count143

[1

{/usr/local/texlive/2017/texmf-var/fonts/map/pdftex/updmap/pdftex.map}]
[2

]
Overfull \hbox (12.2457pt too wide) in paragraph at lines 82--96
[]
 []

[3] [4] (./diss.toc [5

])
\tf@toc=\write4
\openout4 = `diss.toc'.

 [6] (./diss.lof)
\tf@lof=\write5
\openout5 = `diss.lof'.

 [7

] [8

]
Chapter 1.
[9] [10] [11]
LaTeX Font Info:    Try loading font information for OMS+cmr on input line 244.

 (/usr/local/texlive/2017/texmf-dist/tex/latex/base/omscmr.fd
File: omscmr.fd 2014/09/29 v2.5h Standard LaTeX font definitions
)
LaTeX Font Info:    Font shape `OMS/cmr/m/n' in size <12> not available
(Font)              Font shape `OMS/cmsy/m/n' tried instead on input line 244.

[12] [13]
LaTeX Font Info:    Font shape `OT1/cmtt/bx/n' in size <12> not available
(Font)              Font shape `OT1/cmtt/m/n' tried instead on input line 338.
 [14] [15]
Overfull \hbox (15.63449pt too wide) in paragraph at lines 396--397
[][][][][][][][][][][][][][][][][][][][][][][][][][][][][][][][][][][][][][][][
][][][][][][][][][][][][][][][][][][][][][][][][][][][][][][][] 
 []

[16] [17] [18]
Chapter 2.
Package epstopdf Info: Source file: <figs/cfgexample.eps>
(epstopdf)                    date: 2018-04-03 14:58:21
(epstopdf)                    size: 8149 bytes
(epstopdf)             Output file: <figs/cfgexample-eps-converted-to.pdf>
(epstopdf)                    date: 2018-04-03 15:02:52
(epstopdf)                    size: 6978 bytes
(epstopdf)             Command: <epstopdf --outfile=figs/cfgexample-eps-convert
ed-to.pdf figs/cfgexample.eps>
(epstopdf)             \includegraphics on input line 492.
Package epstopdf Info: Output file is already uptodate.
<figs/cfgexample-eps-converted-to.pdf, id=493, 228.855pt x 333.245pt>
File: figs/cfgexample-eps-converted-to.pdf Graphic file (type pdf)

<use figs/cfgexample-eps-converted-to.pdf>
Package pdftex.def Info: figs/cfgexample-eps-converted-to.pdf used on input lin
e 492.
(pdftex.def)             Requested size: 156.32123pt x 227.62566pt.
 [19

] [20 <./figs/cfgexample-eps-converted-to.pdf>] [21] [22] [23] [24] [25] [26]
Chapter 3.
<figs/systemOverview.pdf, id=586, 584.1825pt x 195.73125pt>
File: figs/systemOverview.pdf Graphic file (type pdf)

<use figs/systemOverview.pdf>
Package pdftex.def Info: figs/systemOverview.pdf used on input line 688.
(pdftex.def)             Requested size: 483.69684pt x 162.06862pt.

Overfull \hbox (28.45273pt too wide) in paragraph at lines 688--689
 [][] 
 []

[27

]
Package epstopdf Info: Source file: <figs/partialcfg.eps>
(epstopdf)                    date: 2018-04-04 18:57:31
(epstopdf)                    size: 6572 bytes
(epstopdf)             Output file: <figs/partialcfg-eps-converted-to.pdf>
(epstopdf)                    date: 2018-04-06 14:33:50
(epstopdf)                    size: 5546 bytes
(epstopdf)             Command: <epstopdf --outfile=figs/partialcfg-eps-convert
ed-to.pdf figs/partialcfg.eps>
(epstopdf)             \includegraphics on input line 714.
Package epstopdf Info: Output file is already uptodate.
 <figs/partialcfg-eps-converted-to.pdf, id=592, 114.4275pt x 260.975pt>
File: figs/partialcfg-eps-converted-to.pdf Graphic file (type pdf)

<use figs/partialcfg-eps-converted-to.pdf>
Package pdftex.def Info: figs/partialcfg-eps-converted-to.pdf used on input lin
e 714.
(pdftex.def)             Requested size: 62.37833pt x 142.26639pt.
Package epstopdf Info: Source file: <figs/partialcfgforin.eps>
(epstopdf)                    date: 2018-04-05 10:08:28
(epstopdf)                    size: 8093 bytes
(epstopdf)             Output file: <figs/partialcfgforin-eps-converted-to.pdf>

(epstopdf)                    date: 2018-04-06 14:33:50
(epstopdf)                    size: 5813 bytes
(epstopdf)             Command: <epstopdf --outfile=figs/partialcfgforin-eps-co
nverted-to.pdf figs/partialcfgforin.eps>
(epstopdf)             \includegraphics on input line 719.
Package epstopdf Info: Output file is already uptodate.

<figs/partialcfgforin-eps-converted-to.pdf, id=593, 148.555pt x 405.515pt>
File: figs/partialcfgforin-eps-converted-to.pdf Graphic file (type pdf)

<use figs/partialcfgforin-eps-converted-to.pdf>
Package pdftex.def Info: figs/partialcfgforin-eps-converted-to.pdf used on inpu
t line 719.
(pdftex.def)             Requested size: 83.38744pt x 227.62517pt.
 [28 <./figs/systemOverview.pdf

pdfTeX warning: /Library/TeX/texbin/pdflatex (file ./figs/systemOverview.pdf): 
PDF inclusion: invalid other resource which is no dict (key 'ProcSets', type <a
rray>); ignored.
>] [29 <./figs/partialcfg-eps-converted-to.pdf> <./figs/partialcfgforin-eps-con
verted-to.pdf>]
Package epstopdf Info: Source file: <figs/multiplyAndAddCFG.eps>
(epstopdf)                    date: 2018-05-10 10:48:09
(epstopdf)                    size: 12494 bytes
(epstopdf)             Output file: <figs/multiplyAndAddCFG-eps-converted-to.pd
f>
(epstopdf)                    date: 2018-05-10 10:50:15
(epstopdf)                    size: 7879 bytes
(epstopdf)             Command: <epstopdf --outfile=figs/multiplyAndAddCFG-eps-
converted-to.pdf figs/multiplyAndAddCFG.eps>
(epstopdf)             \includegraphics on input line 771.
Package epstopdf Info: Output file is already uptodate.

<figs/multiplyAndAddCFG-eps-converted-to.pdf, id=641, 293.095pt x 622.325pt>
File: figs/multiplyAndAddCFG-eps-converted-to.pdf Graphic file (type pdf)

<use figs/multiplyAndAddCFG-eps-converted-to.pdf>
Package pdftex.def Info: figs/multiplyAndAddCFG-eps-converted-to.pdf used on in
put line 771.
(pdftex.def)             Requested size: 160.8047pt x 341.43306pt.


LaTeX Font Warning: Font shape `OT1/cmr/bx/sc' undefined
(Font)              using `OT1/cmr/bx/n' instead on input line 780.

[30] [31 <./figs/multiplyAndAddCFG-eps-converted-to.pdf>] [32] [33]
Package epstopdf Info: Source file: <figs/postdominanceTree/flow.eps>
(epstopdf)                    date: 2018-04-08 14:01:42
(epstopdf)                    size: 8238 bytes
(epstopdf)             Output file: <figs/postdominanceTree/flow-eps-converted-
to.pdf>
(epstopdf)                    date: 2018-04-08 14:03:41
(epstopdf)                    size: 5047 bytes
(epstopdf)             Command: <epstopdf --outfile=figs/postdominanceTree/flow
-eps-converted-to.pdf figs/postdominanceTree/flow.eps>
(epstopdf)             \includegraphics on input line 854.
Package epstopdf Info: Output file is already uptodate.

<figs/postdominanceTree/flow-eps-converted-to.pdf, id=708, 134.5025pt x 333.245
pt>
File: figs/postdominanceTree/flow-eps-converted-to.pdf Graphic file (type pdf)
 <use figs/postdominanceTree/flow-eps-converted-to.pdf>
Package pdftex.def Info: figs/postdominanceTree/flow-eps-converted-to.pdf used 
on input line 854.
(pdftex.def)             Requested size: 80.38809pt x 199.16928pt.
Package epstopdf Info: Source file: <figs/postdominanceTree/tree.eps>
(epstopdf)                    date: 2018-04-08 14:01:56
(epstopdf)                    size: 7490 bytes
(epstopdf)             Output file: <figs/postdominanceTree/tree-eps-converted-
to.pdf>
(epstopdf)                    date: 2018-04-08 14:03:41
(epstopdf)                    size: 4901 bytes
(epstopdf)             Command: <epstopdf --outfile=figs/postdominanceTree/tree
-eps-converted-to.pdf figs/postdominanceTree/tree.eps>
(epstopdf)             \includegraphics on input line 860.
Package epstopdf Info: Output file is already uptodate.

<figs/postdominanceTree/tree-eps-converted-to.pdf, id=709, 206.7725pt x 260.975
pt>
File: figs/postdominanceTree/tree-eps-converted-to.pdf Graphic file (type pdf)
 <use figs/postdominanceTree/tree-eps-converted-to.pdf>
Package pdftex.def Info: figs/postdominanceTree/tree-eps-converted-to.pdf used 
on input line 860.
(pdftex.def)             Requested size: 157.80498pt x 199.16928pt.
 [34 <./figs/postdominanceTree/flow-eps-converted-to.pdf> <./figs/postdominance
Tree/tree-eps-converted-to.pdf>]
Package epstopdf Info: Source file: <figs/postdominanceTree/dfstNumbering.eps>
(epstopdf)                    date: 2018-04-09 16:41:46
(epstopdf)                    size: 8229 bytes
(epstopdf)             Output file: <figs/postdominanceTree/dfstNumbering-eps-c
onverted-to.pdf>
(epstopdf)                    date: 2018-04-09 16:42:03
(epstopdf)                    size: 4887 bytes
(epstopdf)             Command: <epstopdf --outfile=figs/postdominanceTree/dfst
Numbering-eps-converted-to.pdf figs/postdominanceTree/dfstNumbering.eps>
(epstopdf)             \includegraphics on input line 876.
Package epstopdf Info: Output file is already uptodate.

<figs/postdominanceTree/dfstNumbering-eps-converted-to.pdf, id=732, 134.5025pt 
x 333.245pt>
File: figs/postdominanceTree/dfstNumbering-eps-converted-to.pdf Graphic file (t
ype pdf)
 <use figs/postdominanceTree/dfstNumbering-eps-converted-to.pdf>
Package pdftex.def Info: figs/postdominanceTree/dfstNumbering-eps-converted-to.
pdf used on input line 876.
(pdftex.def)             Requested size: 80.38809pt x 199.16928pt.

[35 <./figs/postdominanceTree/dfstNumbering-eps-converted-to.pdf>]
Overfull \hbox (32.58113pt too wide) in paragraph at lines 913--913
[]        \OT1/cmtt/m/n/12 if ipdoms[p] != Undefined /* i.e., if ipdoms[p] alre
ady calculated */ {[] 
 []


LaTeX Warning: Float too large for page by 15.40399pt on input line 949.

Missing character: There is no · in font cmr12!
[36] [37] <figs/multiplyAndAddSlice.png, id=776, 322.20375pt x 229.85875pt>
File: figs/multiplyAndAddSlice.png Graphic file (type png)

<use figs/multiplyAndAddSlice.png>
Package pdftex.def Info: figs/multiplyAndAddSlice.png used on input line 1024.
(pdftex.def)             Requested size: 279.19896pt x 199.16928pt.

Overfull \hbox (6.04973pt too wide) in paragraph at lines 1024--1025
 [][] 
 []


Overfull \hbox (25.37466pt too wide) in paragraph at lines 1004--1027
[][] [] 
 []

[38] [39] [40 <./figs/multiplyAndAddSlice.png>]
Chapter 4.
[41

] [42] <figs/sizeAgainstTime.pdf, id=823, 404.80376pt x 325.74007pt>
File: figs/sizeAgainstTime.pdf Graphic file (type pdf)

<use figs/sizeAgainstTime.pdf>
Package pdftex.def Info: figs/sizeAgainstTime.pdf used on input line 1106.
(pdftex.def)             Requested size: 318.24725pt x 256.0748pt.


LaTeX Warning: `h' float specifier changed to `ht'.

[43] [44 <./figs/sizeAgainstTime.pdf>]
Chapter 5.
(./diss.bbl [45

] [46

] [47]) [48]
Appendix A.
(./proposalexport.tex [49

] [50] [51]
<SliceCompile.png, id=890, 453.695pt x 361.35pt>
File: SliceCompile.png Graphic file (type png)
 <use SliceCompile.png>
Package pdftex.def Info: SliceCompile.png used on input line 213.
(pdftex.def)             Requested size: 453.6939pt x 361.34912pt.

Overfull \hbox (16.0746pt too wide) in paragraph at lines 213--217
[][]
 []

[52]
LaTeX Font Info:    Try loading font information for OML+cmr on input line 240.

 (/usr/local/texlive/2017/texmf-dist/tex/latex/base/omlcmr.fd
File: omlcmr.fd 2014/09/29 v2.5h Standard LaTeX font definitions
)
LaTeX Font Info:    Font shape `OML/cmr/m/n' in size <12> not available
(Font)              Font shape `OML/cmm/m/it' tried instead on input line 240.
 [53 <./SliceCompile.png>] [54])
Underfull \hbox (badness 10000) in paragraph at lines 421--1148

 []


Underfull \hbox (badness 10000) in paragraph at lines 421--1148

 []


Underfull \hbox (badness 10000) in paragraph at lines 421--1148

 []


Underfull \hbox (badness 10000) in paragraph at lines 421--1148

 []


Underfull \hbox (badness 10000) in paragraph at lines 421--1148

 []

[55]
Package atveryend Info: Empty hook `BeforeClearDocument' on input line 1149.
 [56]
Package atveryend Info: Empty hook `AfterLastShipout' on input line 1149.
 (./diss.aux)
Package atveryend Info: Executing hook `AtVeryEndDocument' on input line 1149.
Package atveryend Info: Executing hook `AtEndAfterFileList' on input line 1149.

Package rerunfilecheck Info: File `diss.out' has not changed.
(rerunfilecheck)             Checksum: 3A53E79CAE0A9926780ABF163BE2B345;3052.


LaTeX Font Warning: Some font shapes were not available, defaults substituted.

Package atveryend Info: Empty hook `AtVeryVeryEnd' on input line 1149.
 ) 
Here is how much of TeX's memory you used:
 9969 strings out of 492995
 148785 string characters out of 6132704
 268501 words of memory out of 5000000
 13046 multiletter control sequences out of 15000+600000
 15668 words of font info for 57 fonts, out of 8000000 for 9000
 1141 hyphenation exceptions out of 8191
 42i,13n,42p,1445b,1674s stack positions out of 5000i,500n,10000p,200000b,80000s
</usr/local/texlive/2017/texmf-dist/fonts/type1/public/amsfonts/cm/cmbx12.pfb
></usr/local/texlive/2017/texmf-dist/fonts/type1/public/amsfonts/cm/cmbxti10.pf
b></usr/local/texlive/2017/texmf-dist/fonts/type1/public/amsfonts/cm/cmcsc10.pf
b></usr/local/texlive/2017/texmf-dist/fonts/type1/public/amsfonts/cm/cmex10.pfb
></usr/local/texlive/2017/texmf-dist/fonts/type1/public/amsfonts/cm/cmmi12.pfb>
</usr/local/texlive/2017/texmf-dist/fonts/type1/public/amsfonts/cm/cmmi6.pfb></
usr/local/texlive/2017/texmf-dist/fonts/type1/public/amsfonts/cm/cmmi8.pfb></us
r/local/texlive/2017/texmf-dist/fonts/type1/public/amsfonts/cm/cmr10.pfb></usr/
local/texlive/2017/texmf-dist/fonts/type1/public/amsfonts/cm/cmr12.pfb></usr/lo
cal/texlive/2017/texmf-dist/fonts/type1/public/amsfonts/cm/cmr17.pfb></usr/loca
l/texlive/2017/texmf-dist/fonts/type1/public/amsfonts/cm/cmr7.pfb></usr/local/t
exlive/2017/texmf-dist/fonts/type1/public/amsfonts/cm/cmr8.pfb></usr/local/texl
ive/2017/texmf-dist/fonts/type1/public/amsfonts/cm/cmsl12.pfb></usr/local/texli
ve/2017/texmf-dist/fonts/type1/public/amsfonts/cm/cmss12.pfb></usr/local/texliv
e/2017/texmf-dist/fonts/type1/public/amsfonts/cm/cmsy10.pfb></usr/local/texlive
/2017/texmf-dist/fonts/type1/public/amsfonts/cm/cmsy8.pfb></usr/local/texlive/2
017/texmf-dist/fonts/type1/public/amsfonts/cm/cmti10.pfb></usr/local/texlive/20
17/texmf-dist/fonts/type1/public/amsfonts/cm/cmti12.pfb></usr/local/texlive/201
7/texmf-dist/fonts/type1/public/amsfonts/cm/cmtt10.pfb></usr/local/texlive/2017
/texmf-dist/fonts/type1/public/amsfonts/cm/cmtt12.pfb></usr/local/texlive/2017/
texmf-dist/fonts/type1/public/amsfonts/latxfont/line10.pfb>
Output written on diss.pdf (56 pages, 552457 bytes).
PDF statistics:
 1075 PDF objects out of 1200 (max. 8388607)
 954 compressed objects within 10 object streams
 362 named destinations out of 1000 (max. 500000)
 424 words of extra memory for PDF output out of 10000 (max. 10000000)

