\BOOKMARK [0][-]{chapter.1}{Introduction}{}% 1
\BOOKMARK [1][-]{section.1.1}{What is program slicing?}{chapter.1}% 2
\BOOKMARK [2][-]{subsection.1.1.1}{Uses of slicing}{section.1.1}% 3
\BOOKMARK [2][-]{subsection.1.1.2}{Types of slicing}{section.1.1}% 4
\BOOKMARK [2][-]{subsection.1.1.3}{Approaches to slicing}{section.1.1}% 5
\BOOKMARK [1][-]{section.1.2}{What is Swift?}{chapter.1}% 6
\BOOKMARK [2][-]{subsection.1.2.1}{Compilation stages}{section.1.2}% 7
\BOOKMARK [2][-]{subsection.1.2.2}{Interesting semantics}{section.1.2}% 8
\BOOKMARK [0][-]{chapter.2}{Preparation}{}% 9
\BOOKMARK [1][-]{section.2.1}{Understanding slicing approaches}{chapter.2}% 10
\BOOKMARK [2][-]{subsection.2.1.1}{Control Flow Graphs}{section.2.1}% 11
\BOOKMARK [2][-]{subsection.2.1.2}{Dependence Graph approaches}{section.2.1}% 12
\BOOKMARK [2][-]{subsection.2.1.3}{Data-flow Equations}{section.2.1}% 13
\BOOKMARK [2][-]{subsection.2.1.4}{Discussion and comparison of approaches}{section.2.1}% 14
\BOOKMARK [1][-]{section.2.2}{Understanding Swift}{chapter.2}% 15
\BOOKMARK [2][-]{subsection.2.2.1}{The compiler}{section.2.2}% 16
\BOOKMARK [2][-]{subsection.2.2.2}{SourceKit}{section.2.2}% 17
\BOOKMARK [2][-]{subsection.2.2.3}{dg}{section.2.2}% 18
\BOOKMARK [2][-]{subsection.2.2.4}{swift-ast}{section.2.2}% 19
\BOOKMARK [1][-]{section.2.3}{Choice of slicing approach}{chapter.2}% 20
\BOOKMARK [1][-]{section.2.4}{Development Environment and Process}{chapter.2}% 21
\BOOKMARK [0][-]{chapter.3}{Implementation}{}% 22
\BOOKMARK [1][-]{section.3.1}{Retrieving the AST}{chapter.3}% 23
\BOOKMARK [1][-]{section.3.2}{Constructing the CFG}{chapter.3}% 24
\BOOKMARK [1][-]{section.3.3}{Determining Ref and Def sets}{chapter.3}% 25
\BOOKMARK [1][-]{section.3.4}{Constructing the PDG}{chapter.3}% 26
\BOOKMARK [2][-]{subsection.3.4.1}{Determining data dependences}{section.3.4}% 27
\BOOKMARK [2][-]{subsection.3.4.2}{Determining control dependences}{section.3.4}% 28
\BOOKMARK [1][-]{section.3.5}{Slicing}{chapter.3}% 29
\BOOKMARK [0][-]{chapter.4}{Evaluation}{}% 30
\BOOKMARK [1][-]{section.4.1}{Correctness}{chapter.4}% 31
\BOOKMARK [1][-]{section.4.2}{Precision}{chapter.4}% 32
\BOOKMARK [1][-]{section.4.3}{Performance}{chapter.4}% 33
\BOOKMARK [1][-]{section.4.4}{Feasibility}{chapter.4}% 34
\BOOKMARK [0][-]{chapter.5}{Conclusion}{}% 35
\BOOKMARK [1][-]{section.5.1}{Future work}{chapter.5}% 36
\BOOKMARK [0][-]{section.5.1}{Bibliography}{}% 37
\BOOKMARK [0][-]{appendix.A}{Project Proposal}{}% 38
\BOOKMARK [1][-]{section.A.1}{Static Program Slicing for Swift}{appendix.A}% 39
\BOOKMARK [2][-]{subsection.A.1.1}{Introduction}{section.A.1}% 40
\BOOKMARK [2][-]{subsection.A.1.2}{Starting Point}{section.A.1}% 41
\BOOKMARK [2][-]{subsection.A.1.3}{Description of the work}{section.A.1}% 42
\BOOKMARK [2][-]{subsection.A.1.4}{Success Criteria}{section.A.1}% 43
\BOOKMARK [2][-]{subsection.A.1.5}{Possible Extensions}{section.A.1}% 44
\BOOKMARK [2][-]{subsection.A.1.6}{Timetable and milestones}{section.A.1}% 45
\BOOKMARK [2][-]{subsection.A.1.7}{Works Cited}{section.A.1}% 46
